<?xml version="1.0" encoding="UTF-8"?>
<!-- Generated by org.testng.reporters.JUnitReportReporter -->
<testsuite hostname="US5CG7060Y40" name="Selenium_Assignment.Vis.TestRunner" tests="4" failures="0" timestamp="11 Jul 2020 19:59:11 GMT" time="268.028" errors="0">
  <testcase name="checkout_scenario" time="94.163" classname="Selenium_Assignment.Vis.TestRunner"/>
  <testcase name="login_scenario" time="55.462" classname="Selenium_Assignment.Vis.TestRunner"/>
  <testcase name="signup_scenario" time="61.438" classname="Selenium_Assignment.Vis.TestRunner"/>
  <testcase name="order_history_scenario" time="56.965" classname="Selenium_Assignment.Vis.TestRunner"/>
</testsuite> <!-- Selenium_Assignment.Vis.TestRunner -->
